<?xml version="1.0" encoding="UTF-8"?>
<testng-results skipped="0" failed="0" ignored="0" total="1" passed="1">
  <reporter-output>
  </reporter-output>
  <suite name="Default suite" duration-ms="103387" started-at="2017-09-09T00:06:24Z" finished-at="2017-09-09T00:08:07Z">
    <groups>
    </groups>
    <test name="Default test" duration-ms="103387" started-at="2017-09-09T00:06:24Z" finished-at="2017-09-09T00:08:07Z">
      <class name="InternetExplorerTest">
        <test-method status="PASS" signature="beforeTest()[pri:0, instance:InternetExplorerTest@23ceabc1]" name="beforeTest" is-config="true" duration-ms="3936" started-at="2017-09-08T17:06:24Z" finished-at="2017-09-08T17:06:28Z">
          <reporter-output>
          </reporter-output>
        </test-method> <!-- beforeTest -->
        <test-method status="PASS" signature="f()[pri:0, instance:InternetExplorerTest@23ceabc1]" name="f" duration-ms="99436" started-at="2017-09-08T17:06:28Z" finished-at="2017-09-08T17:08:07Z">
          <reporter-output>
          </reporter-output>
        </test-method> <!-- f -->
        <test-method status="PASS" signature="afterTest()[pri:0, instance:InternetExplorerTest@23ceabc1]" name="afterTest" is-config="true" duration-ms="15" started-at="2017-09-08T17:08:07Z" finished-at="2017-09-08T17:08:07Z">
          <reporter-output>
          </reporter-output>
        </test-method> <!-- afterTest -->
      </class> <!-- InternetExplorerTest -->
    </test> <!-- Default test -->
  </suite> <!-- Default suite -->
</testng-results>
