<?xml version="1.0" encoding="UTF-8" ?>
<testsuite tests="2" failures="0" name="SanityTestEiRCA_FirefoxTest" time="67.431" errors="2" skipped="0">
  <properties>
[...]
</properties>
  <testcase classname="SanityTestEiRCA_FirefoxTest" name="SanityTest" time="33.715">
    <error message="
Build info: version: &apos;3.5.3&apos;, revision: &apos;a88d25fe6b&apos;, time: &apos;2017-08-29T12:42:44.417Z&apos;
System info: host: &apos;PII-HANY-PC&apos;, ip: &apos;192.168.100.68&apos;, os.name: &apos;Windows 7&apos;, os.arch: &apos;amd64&apos;, os.version: &apos;6.1&apos;, java.version: &apos;1.8.0_144&apos;
Driver info: org.openqa.selenium.firefox.FirefoxDriver
Capabilities [{moz:profile=C:\Users\RRAMAK~1\AppData\Local\Temp\rust_mozprofile.r7l4VFciEfrN, rotatable=false, timeouts={implicit=0, pageLoad=300000, script=30000}, pageLoadStrategy=normal, platform=XP, specificationLevel=0, moz:accessibilityChecks=false, acceptInsecureCerts=false, browserVersion=55.0.3, platformVersion=6.1, moz:processID=7172, browserName=firefox, javascriptEnabled=true, platformName=XP}]
Session ID: 4f66f25b-634a-4da1-968d-cba73e7fad19" type="org.openqa.selenium.ElementNotInteractableException">org.openqa.selenium.ElementNotInteractableException: 
Build info: version: &apos;3.5.3&apos;, revision: &apos;a88d25fe6b&apos;, time: &apos;2017-08-29T12:42:44.417Z&apos;
System info: host: &apos;PII-HANY-PC&apos;, ip: &apos;192.168.100.68&apos;, os.name: &apos;Windows 7&apos;, os.arch: &apos;amd64&apos;, os.version: &apos;6.1&apos;, java.version: &apos;1.8.0_144&apos;
Driver info: org.openqa.selenium.firefox.FirefoxDriver
Capabilities [{moz:profile=C:\Users\RRAMAK~1\AppData\Local\Temp\rust_mozprofile.r7l4VFciEfrN, rotatable=false, timeouts={implicit=0, pageLoad=300000, script=30000}, pageLoadStrategy=normal, platform=XP, specificationLevel=0, moz:accessibilityChecks=false, acceptInsecureCerts=false, browserVersion=55.0.3, platformVersion=6.1, moz:processID=7172, browserName=firefox, javascriptEnabled=true, platformName=XP}]
Session ID: 4f66f25b-634a-4da1-968d-cba73e7fad19
	at sun.reflect.NativeConstructorAccessorImpl.newInstance0(Native Method)
	at sun.reflect.NativeConstructorAccessorImpl.newInstance(Unknown Source)
	at sun.reflect.DelegatingConstructorAccessorImpl.newInstance(Unknown Source)
	at java.lang.reflect.Constructor.newInstance(Unknown Source)
	at org.openqa.selenium.remote.http.W3CHttpResponseCodec.createException(W3CHttpResponseCodec.java:185)
	at org.openqa.selenium.remote.http.W3CHttpResponseCodec.decode(W3CHttpResponseCodec.java:120)
	at org.openqa.selenium.remote.http.W3CHttpResponseCodec.decode(W3CHttpResponseCodec.java:49)
	at org.openqa.selenium.remote.HttpCommandExecutor.execute(HttpCommandExecutor.java:164)
	at org.openqa.selenium.remote.service.DriverCommandExecutor.execute(DriverCommandExecutor.java:82)
	at org.openqa.selenium.remote.RemoteWebDriver.execute(RemoteWebDriver.java:646)
	at org.openqa.selenium.remote.RemoteWebElement.execute(RemoteWebElement.java:275)
	at org.openqa.selenium.remote.RemoteWebElement.click(RemoteWebElement.java:82)
	at SanityTestEiRCA_FirefoxTest.SanityTest(SanityTestEiRCA_FirefoxTest.java:69)
	at sun.reflect.NativeMethodAccessorImpl.invoke0(Native Method)
	at sun.reflect.NativeMethodAccessorImpl.invoke(Unknown Source)
	at sun.reflect.DelegatingMethodAccessorImpl.invoke(Unknown Source)
	at java.lang.reflect.Method.invoke(Unknown Source)
	at org.junit.runners.model.FrameworkMethod$1.runReflectiveCall(FrameworkMethod.java:50)
	at org.junit.internal.runners.model.ReflectiveCallable.run(ReflectiveCallable.java:12)
	at org.junit.runners.model.FrameworkMethod.invokeExplosively(FrameworkMethod.java:47)
	at org.junit.internal.runners.statements.InvokeMethod.evaluate(InvokeMethod.java:17)
	at org.junit.internal.runners.statements.RunBefores.evaluate(RunBefores.java:26)
	at org.junit.internal.runners.statements.RunAfters.evaluate(RunAfters.java:27)
	at org.junit.runners.ParentRunner.runLeaf(ParentRunner.java:325)
	at org.junit.runners.BlockJUnit4ClassRunner.runChild(BlockJUnit4ClassRunner.java:78)
	at org.junit.runners.BlockJUnit4ClassRunner.runChild(BlockJUnit4ClassRunner.java:57)
	at org.junit.runners.ParentRunner$3.run(ParentRunner.java:290)
	at org.junit.runners.ParentRunner$1.schedule(ParentRunner.java:71)
	at org.junit.runners.ParentRunner.runChildren(ParentRunner.java:288)
	at org.junit.runners.ParentRunner.access$000(ParentRunner.java:58)
	at org.junit.runners.ParentRunner$2.evaluate(ParentRunner.java:268)
	at org.junit.runners.ParentRunner.run(ParentRunner.java:363)
	at org.apache.maven.surefire.junit4.JUnit4Provider.execute(JUnit4Provider.java:252)
	at org.apache.maven.surefire.junit4.JUnit4Provider.executeTestSet(JUnit4Provider.java:141)
	at org.apache.maven.surefire.junit4.JUnit4Provider.invoke(JUnit4Provider.java:112)
	at sun.reflect.NativeMethodAccessorImpl.invoke0(Native Method)
	at sun.reflect.NativeMethodAccessorImpl.invoke(Unknown Source)
	at sun.reflect.DelegatingMethodAccessorImpl.invoke(Unknown Source)
	at java.lang.reflect.Method.invoke(Unknown Source)
	at org.apache.maven.surefire.util.ReflectionUtils.invokeMethodWithArray(ReflectionUtils.java:189)
	at org.apache.maven.surefire.booter.ProviderFactory$ProviderProxy.invoke(ProviderFactory.java:165)
	at org.apache.maven.surefire.booter.ProviderFactory.invokeProvider(ProviderFactory.java:85)
	at org.apache.maven.surefire.booter.ForkedBooter.runSuitesInProcess(ForkedBooter.java:115)
	at org.apache.maven.surefire.booter.ForkedBooter.main(ForkedBooter.java:75)
</error>
    <system-out>Performing sanity test on EiRCA in Firefox
Title before login: KALE™
Title after login: KALE™
</system-out>
    <system-err>1506375422656	geckodriver	INFO	geckodriver 0.18.0
1506375422663	geckodriver	INFO	Listening on 127.0.0.1:5052
1506375423004	geckodriver::marionette	INFO	Starting browser C:\Program Files\Mozilla Firefox\firefox.exe with args [&quot;-marionette&quot;]
1506375423828	addons.xpi	WARN	Error parsing extensions state: [Exception... &quot;Component returned failure code: 0x80520012 (NS_ERROR_FILE_NOT_FOUND) [amIAddonManagerStartup.readStartupData]&quot;  nsresult: &quot;0x80520012 (NS_ERROR_FILE_NOT_FOUND)&quot;  location: &quot;JS frame :: resource://gre/modules/addons/XPIProvider.jsm :: loadExtensionState :: line 1596&quot;  data: no] Stack trace: loadExtensionState()@resource://gre/modules/addons/XPIProvider.jsm:1596 &lt; getInstallState()@resource://gre/modules/addons/XPIProvider.jsm:1631 &lt; checkForChanges()@resource://gre/modules/addons/XPIProvider.jsm:3152 &lt; startup()@resource://gre/modules/addons/XPIProvider.jsm:2246 &lt; callProvider()@resource://gre/modules/AddonManager.jsm:271 &lt; _startProvider()@resource://gre/modules/AddonManager.jsm:741 &lt; startup()@resource://gre/modules/AddonManager.jsm:908 &lt; startup()@resource://gre/modules/AddonManager.jsm:3122 &lt; observe()@jar:file:///C:/Program%20Files/Mozilla%20Firefox/omni.ja!/components/addonManager.js:65
1506375424292	Marionette	INFO	Enabled via --marionette
Unable to read VR Path Registry from C:\Users\rramakrishnan\AppData\Local\openvr\openvrpaths.vrpath
[GPU 2860] WARNING: pipe error: 109: file c:/builds/moz2_slave/m-rel-w64-00000000000000000000/build/src/ipc/chromium/src/chrome/common/ipc_channel_win.cc, line 346
Unable to read VR Path Registry from C:\Users\rramakrishnan\AppData\Local\openvr\openvrpaths.vrpath
[Child 5856] WARNING: pipe error: 109: file c:/builds/moz2_slave/m-rel-w64-00000000000000000000/build/src/ipc/chromium/src/chrome/common/ipc_channel_win.cc, line 346
1506375426304	Marionette	INFO	Listening on port 51564
1506375426312	Marionette	INFO	Listening on port 51564
1506375426674	Marionette	DEBUG	loaded listener.js
Sep 25, 2017 2:37:06 PM org.openqa.selenium.remote.ProtocolHandshake createSession
INFO: Detected dialect: W3C
1506375426780	Marionette	DEBUG	Received DOM event &quot;beforeunload&quot; for &quot;about:blank&quot;
1506375427440	Marionette	DEBUG	Received DOM event &quot;pagehide&quot; for &quot;about:blank&quot;
1506375427440	Marionette	DEBUG	Received DOM event &quot;unload&quot; for &quot;about:blank&quot;
1506375428776	Marionette	DEBUG	Received DOM event &quot;DOMContentLoaded&quot; for &quot;https://kaleasia.error-free.com/&quot;
1506375428798	Marionette	DEBUG	Received DOM event &quot;DOMContentLoaded&quot; for &quot;https://kaleasia.error-free.com/&quot;
1506375428800	Marionette	DEBUG	Received DOM event &quot;pageshow&quot; for &quot;https://kaleasia.error-free.com/&quot;
1506375429099	Marionette	DEBUG	Received DOM event &quot;pageshow&quot; for &quot;https://kaleasia.error-free.com/&quot;
1506375429403	Marionette	DEBUG	Canceled page load listener because no navigation has been detected
1506375430222	Marionette	DEBUG	Canceled page load listener because no navigation has been detected
1506375430558	Marionette	DEBUG	Canceled page load listener because no navigation has been detected
</system-err>
  </testcase>
  <testcase classname="SanityTestEiRCA_FirefoxTest" name="SanityTest" time="33.716">
    <error message="Expected condition failed: waiting for visibility of element located by By.id: pii-login-button (tried for 20 second(s) with 500 MILLISECONDS interval)
Build info: version: &apos;3.5.3&apos;, revision: &apos;a88d25fe6b&apos;, time: &apos;2017-08-29T12:42:44.417Z&apos;
System info: host: &apos;PII-HANY-PC&apos;, ip: &apos;192.168.100.68&apos;, os.name: &apos;Windows 7&apos;, os.arch: &apos;amd64&apos;, os.version: &apos;6.1&apos;, java.version: &apos;1.8.0_144&apos;
Driver info: org.openqa.selenium.firefox.FirefoxDriver
Capabilities [{moz:profile=C:\Users\RRAMAK~1\AppData\Local\Temp\rust_mozprofile.r7l4VFciEfrN, rotatable=false, timeouts={implicit=0, pageLoad=300000, script=30000}, pageLoadStrategy=normal, platform=XP, specificationLevel=0, moz:accessibilityChecks=false, acceptInsecureCerts=false, browserVersion=55.0.3, platformVersion=6.1, moz:processID=7172, browserName=firefox, javascriptEnabled=true, platformName=XP}]
Session ID: 4f66f25b-634a-4da1-968d-cba73e7fad19" type="org.openqa.selenium.TimeoutException">org.openqa.selenium.TimeoutException: Expected condition failed: waiting for visibility of element located by By.id: pii-login-button (tried for 20 second(s) with 500 MILLISECONDS interval)
Build info: version: &apos;3.5.3&apos;, revision: &apos;a88d25fe6b&apos;, time: &apos;2017-08-29T12:42:44.417Z&apos;
System info: host: &apos;PII-HANY-PC&apos;, ip: &apos;192.168.100.68&apos;, os.name: &apos;Windows 7&apos;, os.arch: &apos;amd64&apos;, os.version: &apos;6.1&apos;, java.version: &apos;1.8.0_144&apos;
Driver info: org.openqa.selenium.firefox.FirefoxDriver
Capabilities [{moz:profile=C:\Users\RRAMAK~1\AppData\Local\Temp\rust_mozprofile.r7l4VFciEfrN, rotatable=false, timeouts={implicit=0, pageLoad=300000, script=30000}, pageLoadStrategy=normal, platform=XP, specificationLevel=0, moz:accessibilityChecks=false, acceptInsecureCerts=false, browserVersion=55.0.3, platformVersion=6.1, moz:processID=7172, browserName=firefox, javascriptEnabled=true, platformName=XP}]
Session ID: 4f66f25b-634a-4da1-968d-cba73e7fad19
	at org.openqa.selenium.support.ui.WebDriverWait.timeoutException(WebDriverWait.java:80)
	at org.openqa.selenium.support.ui.FluentWait.until(FluentWait.java:232)
	at SanityTestEiRCA_FirefoxTest.afterTest(SanityTestEiRCA_FirefoxTest.java:127)
	at sun.reflect.NativeMethodAccessorImpl.invoke0(Native Method)
	at sun.reflect.NativeMethodAccessorImpl.invoke(Unknown Source)
	at sun.reflect.DelegatingMethodAccessorImpl.invoke(Unknown Source)
	at java.lang.reflect.Method.invoke(Unknown Source)
	at org.junit.runners.model.FrameworkMethod$1.runReflectiveCall(FrameworkMethod.java:50)
	at org.junit.internal.runners.model.ReflectiveCallable.run(ReflectiveCallable.java:12)
	at org.junit.runners.model.FrameworkMethod.invokeExplosively(FrameworkMethod.java:47)
	at org.junit.internal.runners.statements.RunAfters.evaluate(RunAfters.java:33)
	at org.junit.runners.ParentRunner.runLeaf(ParentRunner.java:325)
	at org.junit.runners.BlockJUnit4ClassRunner.runChild(BlockJUnit4ClassRunner.java:78)
	at org.junit.runners.BlockJUnit4ClassRunner.runChild(BlockJUnit4ClassRunner.java:57)
	at org.junit.runners.ParentRunner$3.run(ParentRunner.java:290)
	at org.junit.runners.ParentRunner$1.schedule(ParentRunner.java:71)
	at org.junit.runners.ParentRunner.runChildren(ParentRunner.java:288)
	at org.junit.runners.ParentRunner.access$000(ParentRunner.java:58)
	at org.junit.runners.ParentRunner$2.evaluate(ParentRunner.java:268)
	at org.junit.runners.ParentRunner.run(ParentRunner.java:363)
	at org.apache.maven.surefire.junit4.JUnit4Provider.execute(JUnit4Provider.java:252)
	at org.apache.maven.surefire.junit4.JUnit4Provider.executeTestSet(JUnit4Provider.java:141)
	at org.apache.maven.surefire.junit4.JUnit4Provider.invoke(JUnit4Provider.java:112)
	at sun.reflect.NativeMethodAccessorImpl.invoke0(Native Method)
	at sun.reflect.NativeMethodAccessorImpl.invoke(Unknown Source)
	at sun.reflect.DelegatingMethodAccessorImpl.invoke(Unknown Source)
	at java.lang.reflect.Method.invoke(Unknown Source)
	at org.apache.maven.surefire.util.ReflectionUtils.invokeMethodWithArray(ReflectionUtils.java:189)
	at org.apache.maven.surefire.booter.ProviderFactory$ProviderProxy.invoke(ProviderFactory.java:165)
	at org.apache.maven.surefire.booter.ProviderFactory.invokeProvider(ProviderFactory.java:85)
	at org.apache.maven.surefire.booter.ForkedBooter.runSuitesInProcess(ForkedBooter.java:115)
	at org.apache.maven.surefire.booter.ForkedBooter.main(ForkedBooter.java:75)
</error>
  </testcase>
</testsuite>